<?xml version="1.0" encoding="UTF-8"?>
<!-- Generated by org.testng.reporters.JUnitXMLReporter -->
<testsuite ignored="3" hostname="lenovoideapadgaming" failures="0" tests="1" name="Default test" time="8.255" errors="0" timestamp="2025-07-13T02:35:02 EET">
  <testcase classname="login.MyTestCase" name="addItemToCart" time="6.547"/>
  <testcase classname="login.MyTestCase" name="Logout" time="0.0">
    <ignored/>
  </testcase> <!-- Logout -->
  <testcase classname="login.MyTestCase" name="signUp" time="0.0">
    <ignored/>
  </testcase> <!-- signUp -->
  <testcase classname="login.MyTestCase" name="Login" time="0.0">
    <ignored/>
  </testcase> <!-- Login -->
</testsuite> <!-- Default test -->
