<?xml version="1.0" encoding="UTF-8"?>
<testng-results ignored="0" total="1" passed="1" failed="0" skipped="0">
  <reporter-output>
  </reporter-output>
  <suite started-at="2025-07-04T18:05:24 EET" name="Default suite" finished-at="2025-07-04T18:05:29 EET" duration-ms="5049">
    <groups>
    </groups>
    <test started-at="2025-07-04T18:05:24 EET" name="Default test" finished-at="2025-07-04T18:05:29 EET" duration-ms="5049">
      <class name="login.MyTestCase">
        <test-method is-config="true" signature="mySetup()[pri:0, instance:login.MyTestCase@35a9782c]" started-at="2025-07-04T18:05:24 EET" name="mySetup" finished-at="2025-07-04T18:05:27 EET" duration-ms="2995" status="PASS">
          <reporter-output>
          </reporter-output>
        </test-method> <!-- mySetup -->
        <test-method signature="signUp()[pri:0, instance:login.MyTestCase@35a9782c]" started-at="2025-07-04T18:05:27 EET" name="signUp" finished-at="2025-07-04T18:05:29 EET" duration-ms="1985" status="PASS">
          <reporter-output>
          </reporter-output>
        </test-method> <!-- signUp -->
      </class> <!-- login.MyTestCase -->
    </test> <!-- Default test -->
  </suite> <!-- Default suite -->
</testng-results>
